<?xml version="1.0" encoding="UTF-8"?>
<!-- Generated by org.testng.reporters.JUnitReportReporter -->
<testsuite skipped="0" hostname="CDWILT004" name="test_001.CalculatorTest_001" tests="1" failures="0" timestamp="2022-06-08T14:34:39 SGT" time="0.009" errors="0">
  <testcase name="testCalculator1" time="0.009" classname="test_001.CalculatorTest_001"/>
  <system-out/>
</testsuite> <!-- test_001.CalculatorTest_001 -->
